[INFO] [2016-07-03 18:03:43][org.springframework.beans.factory.xml.XmlBeanDefinitionReader]Loading XML bean definitions from class path resource [spring-mybatis.xml]
[INFO] [2016-07-03 18:03:44][org.springframework.context.support.GenericApplicationContext]Refreshing org.springframework.context.support.GenericApplicationContext@6574b225: startup date [Sun Jul 03 18:03:44 CST 2016]; root of context hierarchy
[INFO] [2016-07-03 18:03:44][org.springframework.beans.factory.config.PropertyPlaceholderConfigurer]Loading properties file from class path resource [jdbc.properties]
[INFO] [2016-07-03 18:03:44][org.springframework.beans.factory.annotation.AutowiredAnnotationBeanPostProcessor]JSR-330 'javax.inject.Inject' annotation found and supported for autowiring
[ERROR] [2016-07-03 18:03:44][org.springframework.test.context.TestContextManager]Caught exception while allowing TestExecutionListener [org.springframework.test.context.support.DependencyInjectionTestExecutionListener@79e2c065] to prepare test instance [TestMyBatis@3a93b025]
java.lang.IllegalStateException: Failed to load ApplicationContext
	at org.springframework.test.context.CacheAwareContextLoaderDelegate.loadContext(CacheAwareContextLoaderDelegate.java:99)
	at org.springframework.test.context.DefaultTestContext.getApplicationContext(DefaultTestContext.java:101)
	at org.springframework.test.context.support.DependencyInjectionTestExecutionListener.injectDependencies(DependencyInjectionTestExecutionListener.java:109)
	at org.springframework.test.context.support.DependencyInjectionTestExecutionListener.prepareTestInstance(DependencyInjectionTestExecutionListener.java:75)
	at org.springframework.test.context.TestContextManager.prepareTestInstance(TestContextManager.java:319)
	at org.springframework.test.context.junit4.SpringJUnit4ClassRunner.createTest(SpringJUnit4ClassRunner.java:212)
	at org.springframework.test.context.junit4.SpringJUnit4ClassRunner$1.runReflectiveCall(SpringJUnit4ClassRunner.java:289)
	at org.junit.internal.runners.model.ReflectiveCallable.run(ReflectiveCallable.java:12)
	at org.springframework.test.context.junit4.SpringJUnit4ClassRunner.methodBlock(SpringJUnit4ClassRunner.java:291)
	at org.springframework.test.context.junit4.SpringJUnit4ClassRunner.runChild(SpringJUnit4ClassRunner.java:232)
	at org.springframework.test.context.junit4.SpringJUnit4ClassRunner.runChild(SpringJUnit4ClassRunner.java:89)
	at org.junit.runners.ParentRunner$3.run(ParentRunner.java:238)
	at org.junit.runners.ParentRunner$1.schedule(ParentRunner.java:63)
	at org.junit.runners.ParentRunner.runChildren(ParentRunner.java:236)
	at org.junit.runners.ParentRunner.access$000(ParentRunner.java:53)
	at org.junit.runners.ParentRunner$2.evaluate(ParentRunner.java:229)
	at org.springframework.test.context.junit4.statements.RunBeforeTestClassCallbacks.evaluate(RunBeforeTestClassCallbacks.java:61)
	at org.springframework.test.context.junit4.statements.RunAfterTestClassCallbacks.evaluate(RunAfterTestClassCallbacks.java:71)
	at org.junit.runners.ParentRunner.run(ParentRunner.java:309)
	at org.springframework.test.context.junit4.SpringJUnit4ClassRunner.run(SpringJUnit4ClassRunner.java:175)
	at org.junit.runner.JUnitCore.run(JUnitCore.java:160)
	at com.intellij.junit4.JUnit4IdeaTestRunner.startRunnerWithArgs(JUnit4IdeaTestRunner.java:119)
	at com.intellij.junit4.JUnit4IdeaTestRunner.startRunnerWithArgs(JUnit4IdeaTestRunner.java:42)
	at com.intellij.rt.execution.junit.JUnitStarter.prepareStreamsAndStart(JUnitStarter.java:234)
	at com.intellij.rt.execution.junit.JUnitStarter.main(JUnitStarter.java:74)
	at sun.reflect.NativeMethodAccessorImpl.invoke0(Native Method)
	at sun.reflect.NativeMethodAccessorImpl.invoke(NativeMethodAccessorImpl.java:62)
	at sun.reflect.DelegatingMethodAccessorImpl.invoke(DelegatingMethodAccessorImpl.java:43)
	at java.lang.reflect.Method.invoke(Method.java:497)
	at com.intellij.rt.execution.application.AppMain.main(AppMain.java:144)
Caused by: org.springframework.beans.factory.BeanCreationException: Error creating bean with name 'userController': Injection of resource dependencies failed; nested exception is org.springframework.beans.factory.BeanCreationException: Error creating bean with name 'userService': Injection of resource dependencies failed; nested exception is org.springframework.beans.factory.NoSuchBeanDefinitionException: No qualifying bean of type [com.bao.dao.IUserDao] found for dependency: expected at least 1 bean which qualifies as autowire candidate for this dependency. Dependency annotations: {@javax.annotation.Resource(shareable=true, lookup=, name=, description=, authenticationType=CONTAINER, type=class java.lang.Object, mappedName=)}
Related cause: org.springframework.beans.factory.BeanCreationException: Error creating bean with name 'IUserDao' defined in file [E:\java\tools\workspace\ideWorkSpace\jsdemo\target\classes\com\bao\dao\IUserDao.class]: Cannot resolve reference to bean 'sqlSessionFactory' while setting bean property 'sqlSessionFactory'; nested exception is org.springframework.beans.factory.BeanCreationException: Error creating bean with name 'sqlSessionFactory' defined in class path resource [spring-mybatis.xml]: Initialization of bean failed; nested exception is org.springframework.beans.TypeMismatchException: Failed to convert property value of type 'java.lang.String' to required type 'org.springframework.core.io.Resource[]' for property 'mapperLocations'; nested exception is java.lang.IllegalArgumentException: Could not resolve resource location pattern [classpath:com/bao/mapping/*.xml]: class path resource [com/bao/mapping/] cannot be resolved to URL because it does not exist
	at org.springframework.context.annotation.CommonAnnotationBeanPostProcessor.postProcessPropertyValues(CommonAnnotationBeanPostProcessor.java:307)
	at org.springframework.beans.factory.support.AbstractAutowireCapableBeanFactory.populateBean(AbstractAutowireCapableBeanFactory.java:1185)
	at org.springframework.beans.factory.support.AbstractAutowireCapableBeanFactory.doCreateBean(AbstractAutowireCapableBeanFactory.java:537)
	at org.springframework.beans.factory.support.AbstractAutowireCapableBeanFactory.createBean(AbstractAutowireCapableBeanFactory.java:475)
	at org.springframework.beans.factory.support.AbstractBeanFactory$1.getObject(AbstractBeanFactory.java:304)
	at org.springframework.beans.factory.support.DefaultSingletonBeanRegistry.getSingleton(DefaultSingletonBeanRegistry.java:228)
	at org.springframework.beans.factory.support.AbstractBeanFactory.doGetBean(AbstractBeanFactory.java:300)
	at org.springframework.beans.factory.support.AbstractBeanFactory.getBean(AbstractBeanFactory.java:195)
	at org.springframework.beans.factory.support.DefaultListableBeanFactory.preInstantiateSingletons(DefaultListableBeanFactory.java:700)
	at org.springframework.context.support.AbstractApplicationContext.finishBeanFactoryInitialization(AbstractApplicationContext.java:760)
	at org.springframework.context.support.AbstractApplicationContext.refresh(AbstractApplicationContext.java:482)
	at org.springframework.test.context.support.AbstractGenericContextLoader.loadContext(AbstractGenericContextLoader.java:121)
	at org.springframework.test.context.support.AbstractGenericContextLoader.loadContext(AbstractGenericContextLoader.java:60)
	at org.springframework.test.context.support.AbstractDelegatingSmartContextLoader.delegateLoading(AbstractDelegatingSmartContextLoader.java:100)
	at org.springframework.test.context.support.AbstractDelegatingSmartContextLoader.loadContext(AbstractDelegatingSmartContextLoader.java:250)
	at org.springframework.test.context.CacheAwareContextLoaderDelegate.loadContextInternal(CacheAwareContextLoaderDelegate.java:64)
	at org.springframework.test.context.CacheAwareContextLoaderDelegate.loadContext(CacheAwareContextLoaderDelegate.java:91)
	... 29 more
Caused by: org.springframework.beans.factory.BeanCreationException: Error creating bean with name 'userService': Injection of resource dependencies failed; nested exception is org.springframework.beans.factory.NoSuchBeanDefinitionException: No qualifying bean of type [com.bao.dao.IUserDao] found for dependency: expected at least 1 bean which qualifies as autowire candidate for this dependency. Dependency annotations: {@javax.annotation.Resource(shareable=true, lookup=, name=, description=, authenticationType=CONTAINER, type=class java.lang.Object, mappedName=)}
	at org.springframework.context.annotation.CommonAnnotationBeanPostProcessor.postProcessPropertyValues(CommonAnnotationBeanPostProcessor.java:307)
	at org.springframework.beans.factory.support.AbstractAutowireCapableBeanFactory.populateBean(AbstractAutowireCapableBeanFactory.java:1185)
	at org.springframework.beans.factory.support.AbstractAutowireCapableBeanFactory.doCreateBean(AbstractAutowireCapableBeanFactory.java:537)
	at org.springframework.beans.factory.support.AbstractAutowireCapableBeanFactory.createBean(AbstractAutowireCapableBeanFactory.java:475)
	at org.springframework.beans.factory.support.AbstractBeanFactory$1.getObject(AbstractBeanFactory.java:304)
	at org.springframework.beans.factory.support.DefaultSingletonBeanRegistry.getSingleton(DefaultSingletonBeanRegistry.java:228)
	at org.springframework.beans.factory.support.AbstractBeanFactory.doGetBean(AbstractBeanFactory.java:300)
	at org.springframework.beans.factory.support.AbstractBeanFactory.getBean(AbstractBeanFactory.java:200)
	at org.springframework.context.annotation.CommonAnnotationBeanPostProcessor.autowireResource(CommonAnnotationBeanPostProcessor.java:445)
	at org.springframework.context.annotation.CommonAnnotationBeanPostProcessor.getResource(CommonAnnotationBeanPostProcessor.java:419)
	at org.springframework.context.annotation.CommonAnnotationBeanPostProcessor$ResourceElement.getResourceToInject(CommonAnnotationBeanPostProcessor.java:544)
	at org.springframework.beans.factory.annotation.InjectionMetadata$InjectedElement.inject(InjectionMetadata.java:155)
	at org.springframework.beans.factory.annotation.InjectionMetadata.inject(InjectionMetadata.java:87)
	at org.springframework.context.annotation.CommonAnnotationBeanPostProcessor.postProcessPropertyValues(CommonAnnotationBeanPostProcessor.java:304)
	... 45 more
Caused by: org.springframework.beans.factory.NoSuchBeanDefinitionException: No qualifying bean of type [com.bao.dao.IUserDao] found for dependency: expected at least 1 bean which qualifies as autowire candidate for this dependency. Dependency annotations: {@javax.annotation.Resource(shareable=true, lookup=, name=, description=, authenticationType=CONTAINER, type=class java.lang.Object, mappedName=)}
	at org.springframework.beans.factory.support.DefaultListableBeanFactory.raiseNoSuchBeanDefinitionException(DefaultListableBeanFactory.java:1100)
	at org.springframework.beans.factory.support.DefaultListableBeanFactory.doResolveDependency(DefaultListableBeanFactory.java:960)
	at org.springframework.beans.factory.support.DefaultListableBeanFactory.resolveDependency(DefaultListableBeanFactory.java:855)
	at org.springframework.context.annotation.CommonAnnotationBeanPostProcessor.autowireResource(CommonAnnotationBeanPostProcessor.java:441)
	at org.springframework.context.annotation.CommonAnnotationBeanPostProcessor.getResource(CommonAnnotationBeanPostProcessor.java:419)
	at org.springframework.context.annotation.CommonAnnotationBeanPostProcessor$ResourceElement.getResourceToInject(CommonAnnotationBeanPostProcessor.java:544)
	at org.springframework.beans.factory.annotation.InjectionMetadata$InjectedElement.inject(InjectionMetadata.java:155)
	at org.springframework.beans.factory.annotation.InjectionMetadata.inject(InjectionMetadata.java:87)
	at org.springframework.context.annotation.CommonAnnotationBeanPostProcessor.postProcessPropertyValues(CommonAnnotationBeanPostProcessor.java:304)
	... 58 more
[INFO] [2016-07-03 18:09:09][org.springframework.beans.factory.xml.XmlBeanDefinitionReader]Loading XML bean definitions from class path resource [spring-mybatis.xml]
[INFO] [2016-07-03 18:09:09][org.springframework.context.support.GenericApplicationContext]Refreshing org.springframework.context.support.GenericApplicationContext@6574b225: startup date [Sun Jul 03 18:09:09 CST 2016]; root of context hierarchy
[INFO] [2016-07-03 18:09:09][org.springframework.beans.factory.config.PropertyPlaceholderConfigurer]Loading properties file from class path resource [jdbc.properties]
[INFO] [2016-07-03 18:09:09][org.springframework.beans.factory.annotation.AutowiredAnnotationBeanPostProcessor]JSR-330 'javax.inject.Inject' annotation found and supported for autowiring
[INFO] [2016-07-03 18:09:10][org.springframework.context.support.GenericApplicationContext]Closing org.springframework.context.support.GenericApplicationContext@6574b225: startup date [Sun Jul 03 18:09:09 CST 2016]; root of context hierarchy
[INFO] [2016-07-03 18:13:40][org.springframework.beans.factory.xml.XmlBeanDefinitionReader]Loading XML bean definitions from class path resource [spring-mybatis.xml]
[INFO] [2016-07-03 18:13:40][org.springframework.context.support.GenericApplicationContext]Refreshing org.springframework.context.support.GenericApplicationContext@6574b225: startup date [Sun Jul 03 18:13:40 CST 2016]; root of context hierarchy
[INFO] [2016-07-03 18:13:40][org.springframework.beans.factory.config.PropertyPlaceholderConfigurer]Loading properties file from class path resource [jdbc.properties]
[INFO] [2016-07-03 18:13:40][org.springframework.beans.factory.annotation.AutowiredAnnotationBeanPostProcessor]JSR-330 'javax.inject.Inject' annotation found and supported for autowiring
[INFO] [2016-07-03 18:13:41][org.springframework.context.support.GenericApplicationContext]Closing org.springframework.context.support.GenericApplicationContext@6574b225: startup date [Sun Jul 03 18:13:40 CST 2016]; root of context hierarchy
[INFO] [2016-07-03 18:14:25][org.springframework.beans.factory.xml.XmlBeanDefinitionReader]Loading XML bean definitions from class path resource [spring-mybatis.xml]
[INFO] [2016-07-03 18:14:26][org.springframework.context.support.GenericApplicationContext]Refreshing org.springframework.context.support.GenericApplicationContext@6574b225: startup date [Sun Jul 03 18:14:26 CST 2016]; root of context hierarchy
[INFO] [2016-07-03 18:14:26][org.springframework.beans.factory.config.PropertyPlaceholderConfigurer]Loading properties file from class path resource [jdbc.properties]
[INFO] [2016-07-03 18:14:26][org.springframework.beans.factory.annotation.AutowiredAnnotationBeanPostProcessor]JSR-330 'javax.inject.Inject' annotation found and supported for autowiring
[INFO] [2016-07-03 18:14:26][org.springframework.context.support.GenericApplicationContext]Closing org.springframework.context.support.GenericApplicationContext@6574b225: startup date [Sun Jul 03 18:14:26 CST 2016]; root of context hierarchy
[INFO] [2016-07-03 18:15:02][org.springframework.beans.factory.xml.XmlBeanDefinitionReader]Loading XML bean definitions from class path resource [spring-mybatis.xml]
[INFO] [2016-07-03 18:15:02][org.springframework.context.support.GenericApplicationContext]Refreshing org.springframework.context.support.GenericApplicationContext@6574b225: startup date [Sun Jul 03 18:15:02 CST 2016]; root of context hierarchy
[INFO] [2016-07-03 18:15:03][org.springframework.beans.factory.config.PropertyPlaceholderConfigurer]Loading properties file from class path resource [jdbc.properties]
[INFO] [2016-07-03 18:15:03][org.springframework.beans.factory.annotation.AutowiredAnnotationBeanPostProcessor]JSR-330 'javax.inject.Inject' annotation found and supported for autowiring
[INFO] [2016-07-03 18:15:03][org.springframework.context.support.GenericApplicationContext]Closing org.springframework.context.support.GenericApplicationContext@6574b225: startup date [Sun Jul 03 18:15:02 CST 2016]; root of context hierarchy
[INFO] [2016-07-03 18:19:23][org.springframework.beans.factory.xml.XmlBeanDefinitionReader]Loading XML bean definitions from class path resource [spring-mybatis.xml]
[INFO] [2016-07-03 18:19:24][org.springframework.context.support.GenericApplicationContext]Refreshing org.springframework.context.support.GenericApplicationContext@6574b225: startup date [Sun Jul 03 18:19:24 CST 2016]; root of context hierarchy
[INFO] [2016-07-03 18:19:24][org.springframework.beans.factory.config.PropertyPlaceholderConfigurer]Loading properties file from class path resource [jdbc.properties]
[INFO] [2016-07-03 18:19:24][org.springframework.beans.factory.annotation.AutowiredAnnotationBeanPostProcessor]JSR-330 'javax.inject.Inject' annotation found and supported for autowiring
[INFO] [2016-07-03 18:19:25][TestMyBatis]{"age":24,"id":1,"password":"sfasgfaf","userName":"测试"}
[INFO] [2016-07-03 18:19:25][org.springframework.context.support.GenericApplicationContext]Closing org.springframework.context.support.GenericApplicationContext@6574b225: startup date [Sun Jul 03 18:19:24 CST 2016]; root of context hierarchy
[INFO] [2016-07-04 21:13:36][org.springframework.web.context.ContextLoader]Root WebApplicationContext: initialization started
[INFO] [2016-07-04 21:13:36][org.springframework.web.context.support.XmlWebApplicationContext]Refreshing Root WebApplicationContext: startup date [Mon Jul 04 21:13:36 CST 2016]; root of context hierarchy
[INFO] [2016-07-04 21:13:36][org.springframework.beans.factory.xml.XmlBeanDefinitionReader]Loading XML bean definitions from class path resource [spring-mybatis.xml]
[INFO] [2016-07-04 21:13:37][org.springframework.beans.factory.config.PropertyPlaceholderConfigurer]Loading properties file from class path resource [jdbc.properties]
[INFO] [2016-07-04 21:13:37][org.springframework.beans.factory.annotation.AutowiredAnnotationBeanPostProcessor]JSR-330 'javax.inject.Inject' annotation found and supported for autowiring
[INFO] [2016-07-04 21:13:37][org.springframework.web.context.ContextLoader]Root WebApplicationContext: initialization completed in 1441 ms
[INFO] [2016-07-04 21:13:37][org.springframework.web.servlet.DispatcherServlet]FrameworkServlet 'SpringMVC': initialization started
[INFO] [2016-07-04 21:13:37][org.springframework.web.context.support.XmlWebApplicationContext]Refreshing WebApplicationContext for namespace 'SpringMVC-servlet': startup date [Mon Jul 04 21:13:37 CST 2016]; parent: Root WebApplicationContext
[INFO] [2016-07-04 21:13:37][org.springframework.beans.factory.xml.XmlBeanDefinitionReader]Loading XML bean definitions from class path resource [spring-mvc.xml]
[INFO] [2016-07-04 21:13:37][org.springframework.beans.factory.annotation.AutowiredAnnotationBeanPostProcessor]JSR-330 'javax.inject.Inject' annotation found and supported for autowiring
[INFO] [2016-07-04 21:13:38][org.springframework.web.servlet.mvc.annotation.DefaultAnnotationHandlerMapping]Mapped URL path [/js/test] onto handler 'jsTestController'
[INFO] [2016-07-04 21:13:38][org.springframework.web.servlet.mvc.annotation.DefaultAnnotationHandlerMapping]Mapped URL path [/js/test.*] onto handler 'jsTestController'
[INFO] [2016-07-04 21:13:38][org.springframework.web.servlet.mvc.annotation.DefaultAnnotationHandlerMapping]Mapped URL path [/js/test/] onto handler 'jsTestController'
[INFO] [2016-07-04 21:13:38][org.springframework.web.servlet.mvc.annotation.DefaultAnnotationHandlerMapping]Mapped URL path [/user/showUser] onto handler 'userController'
[INFO] [2016-07-04 21:13:38][org.springframework.web.servlet.mvc.annotation.DefaultAnnotationHandlerMapping]Mapped URL path [/user/showUser.*] onto handler 'userController'
[INFO] [2016-07-04 21:13:38][org.springframework.web.servlet.mvc.annotation.DefaultAnnotationHandlerMapping]Mapped URL path [/user/showUser/] onto handler 'userController'
[INFO] [2016-07-04 21:13:38][org.springframework.web.servlet.DispatcherServlet]FrameworkServlet 'SpringMVC': initialization completed in 893 ms
[WARN] [2016-07-04 21:15:10][org.springframework.web.servlet.PageNotFound]No mapping found for HTTP request with URI [/jsdemo/test/show] in DispatcherServlet with name 'SpringMVC'
[INFO] [2016-07-09 12:55:07][org.springframework.web.context.ContextLoader]Root WebApplicationContext: initialization started
[INFO] [2016-07-09 12:55:08][org.springframework.web.context.support.XmlWebApplicationContext]Refreshing Root WebApplicationContext: startup date [Sat Jul 09 12:55:08 CST 2016]; root of context hierarchy
[INFO] [2016-07-09 12:55:08][org.springframework.beans.factory.xml.XmlBeanDefinitionReader]Loading XML bean definitions from class path resource [spring-mybatis.xml]
[INFO] [2016-07-09 12:55:08][org.springframework.beans.factory.config.PropertyPlaceholderConfigurer]Loading properties file from class path resource [jdbc.properties]
[INFO] [2016-07-09 12:55:08][org.springframework.beans.factory.annotation.AutowiredAnnotationBeanPostProcessor]JSR-330 'javax.inject.Inject' annotation found and supported for autowiring
[INFO] [2016-07-09 12:55:09][org.springframework.web.context.ContextLoader]Root WebApplicationContext: initialization completed in 1420 ms
[INFO] [2016-07-09 12:55:09][org.springframework.web.servlet.DispatcherServlet]FrameworkServlet 'SpringMVC': initialization started
[INFO] [2016-07-09 12:55:09][org.springframework.web.context.support.XmlWebApplicationContext]Refreshing WebApplicationContext for namespace 'SpringMVC-servlet': startup date [Sat Jul 09 12:55:09 CST 2016]; parent: Root WebApplicationContext
[INFO] [2016-07-09 12:55:09][org.springframework.beans.factory.xml.XmlBeanDefinitionReader]Loading XML bean definitions from class path resource [spring-mvc.xml]
[INFO] [2016-07-09 12:55:09][org.springframework.beans.factory.annotation.AutowiredAnnotationBeanPostProcessor]JSR-330 'javax.inject.Inject' annotation found and supported for autowiring
[INFO] [2016-07-09 13:01:35][org.springframework.web.context.ContextLoader]Root WebApplicationContext: initialization started
[INFO] [2016-07-09 13:01:36][org.springframework.web.context.support.XmlWebApplicationContext]Refreshing Root WebApplicationContext: startup date [Sat Jul 09 13:01:36 CST 2016]; root of context hierarchy
[INFO] [2016-07-09 13:01:36][org.springframework.beans.factory.xml.XmlBeanDefinitionReader]Loading XML bean definitions from class path resource [spring-mybatis.xml]
[INFO] [2016-07-09 13:01:36][org.springframework.beans.factory.config.PropertyPlaceholderConfigurer]Loading properties file from class path resource [jdbc.properties]
[INFO] [2016-07-09 13:01:36][org.springframework.beans.factory.annotation.AutowiredAnnotationBeanPostProcessor]JSR-330 'javax.inject.Inject' annotation found and supported for autowiring
[INFO] [2016-07-09 13:01:36][org.springframework.web.context.ContextLoader]Root WebApplicationContext: initialization completed in 1120 ms
[INFO] [2016-07-09 13:01:37][org.springframework.web.servlet.DispatcherServlet]FrameworkServlet 'SpringMVC': initialization started
[INFO] [2016-07-09 13:01:37][org.springframework.web.context.support.XmlWebApplicationContext]Refreshing WebApplicationContext for namespace 'SpringMVC-servlet': startup date [Sat Jul 09 13:01:37 CST 2016]; parent: Root WebApplicationContext
[INFO] [2016-07-09 13:01:37][org.springframework.beans.factory.xml.XmlBeanDefinitionReader]Loading XML bean definitions from class path resource [spring-mvc.xml]
[INFO] [2016-07-09 13:01:37][org.springframework.beans.factory.annotation.AutowiredAnnotationBeanPostProcessor]JSR-330 'javax.inject.Inject' annotation found and supported for autowiring
[INFO] [2016-07-09 13:02:17][org.springframework.web.context.ContextLoader]Root WebApplicationContext: initialization started
[INFO] [2016-07-09 13:02:17][org.springframework.web.context.support.XmlWebApplicationContext]Refreshing Root WebApplicationContext: startup date [Sat Jul 09 13:02:17 CST 2016]; root of context hierarchy
[INFO] [2016-07-09 13:02:17][org.springframework.beans.factory.xml.XmlBeanDefinitionReader]Loading XML bean definitions from class path resource [spring-mybatis.xml]
[INFO] [2016-07-09 13:02:18][org.springframework.beans.factory.config.PropertyPlaceholderConfigurer]Loading properties file from class path resource [jdbc.properties]
[INFO] [2016-07-09 13:02:18][org.springframework.beans.factory.annotation.AutowiredAnnotationBeanPostProcessor]JSR-330 'javax.inject.Inject' annotation found and supported for autowiring
[INFO] [2016-07-09 13:02:18][org.springframework.web.context.ContextLoader]Root WebApplicationContext: initialization completed in 1249 ms
[INFO] [2016-07-09 13:02:18][org.springframework.web.servlet.DispatcherServlet]FrameworkServlet 'SpringMVC': initialization started
[INFO] [2016-07-09 13:02:18][org.springframework.web.context.support.XmlWebApplicationContext]Refreshing WebApplicationContext for namespace 'SpringMVC-servlet': startup date [Sat Jul 09 13:02:18 CST 2016]; parent: Root WebApplicationContext
[INFO] [2016-07-09 13:02:18][org.springframework.beans.factory.xml.XmlBeanDefinitionReader]Loading XML bean definitions from class path resource [spring-mvc.xml]
[INFO] [2016-07-09 13:02:18][org.springframework.beans.factory.annotation.AutowiredAnnotationBeanPostProcessor]JSR-330 'javax.inject.Inject' annotation found and supported for autowiring
[INFO] [2016-07-09 13:05:49][org.springframework.web.context.ContextLoader]Root WebApplicationContext: initialization started
[INFO] [2016-07-09 13:05:49][org.springframework.web.context.support.XmlWebApplicationContext]Refreshing Root WebApplicationContext: startup date [Sat Jul 09 13:05:49 CST 2016]; root of context hierarchy
[INFO] [2016-07-09 13:05:49][org.springframework.beans.factory.xml.XmlBeanDefinitionReader]Loading XML bean definitions from class path resource [spring-mybatis.xml]
[INFO] [2016-07-09 13:05:49][org.springframework.beans.factory.config.PropertyPlaceholderConfigurer]Loading properties file from class path resource [jdbc.properties]
[INFO] [2016-07-09 13:05:49][org.springframework.beans.factory.annotation.AutowiredAnnotationBeanPostProcessor]JSR-330 'javax.inject.Inject' annotation found and supported for autowiring
[INFO] [2016-07-09 13:05:50][org.springframework.web.context.ContextLoader]Root WebApplicationContext: initialization completed in 1175 ms
[INFO] [2016-07-09 13:05:50][org.springframework.web.servlet.DispatcherServlet]FrameworkServlet 'SpringMVC': initialization started
[INFO] [2016-07-09 13:05:50][org.springframework.web.context.support.XmlWebApplicationContext]Refreshing WebApplicationContext for namespace 'SpringMVC-servlet': startup date [Sat Jul 09 13:05:50 CST 2016]; parent: Root WebApplicationContext
[INFO] [2016-07-09 13:05:50][org.springframework.beans.factory.xml.XmlBeanDefinitionReader]Loading XML bean definitions from class path resource [spring-mvc.xml]
[INFO] [2016-07-09 13:05:50][org.springframework.beans.factory.annotation.AutowiredAnnotationBeanPostProcessor]JSR-330 'javax.inject.Inject' annotation found and supported for autowiring
[INFO] [2016-07-09 13:07:01][org.springframework.web.context.support.XmlWebApplicationContext]Closing Root WebApplicationContext: startup date [Sat Jul 09 13:05:49 CST 2016]; root of context hierarchy
[INFO] [2016-07-09 13:07:02][org.springframework.web.context.ContextLoader]Root WebApplicationContext: initialization started
[INFO] [2016-07-09 13:07:02][org.springframework.web.context.support.XmlWebApplicationContext]Refreshing Root WebApplicationContext: startup date [Sat Jul 09 13:07:02 CST 2016]; root of context hierarchy
[INFO] [2016-07-09 13:07:03][org.springframework.beans.factory.xml.XmlBeanDefinitionReader]Loading XML bean definitions from class path resource [spring-mybatis.xml]
[INFO] [2016-07-09 13:07:03][org.springframework.beans.factory.config.PropertyPlaceholderConfigurer]Loading properties file from class path resource [jdbc.properties]
[INFO] [2016-07-09 13:07:03][org.springframework.beans.factory.annotation.AutowiredAnnotationBeanPostProcessor]JSR-330 'javax.inject.Inject' annotation found and supported for autowiring
[INFO] [2016-07-09 13:07:03][org.springframework.web.context.ContextLoader]Root WebApplicationContext: initialization completed in 968 ms
[INFO] [2016-07-09 13:07:03][org.springframework.web.servlet.DispatcherServlet]FrameworkServlet 'SpringMVC': initialization started
[INFO] [2016-07-09 13:07:03][org.springframework.web.context.support.XmlWebApplicationContext]Refreshing WebApplicationContext for namespace 'SpringMVC-servlet': startup date [Sat Jul 09 13:07:03 CST 2016]; parent: Root WebApplicationContext
[INFO] [2016-07-09 13:07:03][org.springframework.beans.factory.xml.XmlBeanDefinitionReader]Loading XML bean definitions from class path resource [spring-mvc.xml]
[INFO] [2016-07-09 13:07:03][org.springframework.beans.factory.annotation.AutowiredAnnotationBeanPostProcessor]JSR-330 'javax.inject.Inject' annotation found and supported for autowiring
[INFO] [2016-07-09 13:07:43][org.springframework.web.context.ContextLoader]Root WebApplicationContext: initialization started
[INFO] [2016-07-09 13:07:43][org.springframework.web.context.support.XmlWebApplicationContext]Refreshing Root WebApplicationContext: startup date [Sat Jul 09 13:07:43 CST 2016]; root of context hierarchy
[INFO] [2016-07-09 13:07:43][org.springframework.beans.factory.xml.XmlBeanDefinitionReader]Loading XML bean definitions from class path resource [spring-mybatis.xml]
[INFO] [2016-07-09 13:07:44][org.springframework.beans.factory.config.PropertyPlaceholderConfigurer]Loading properties file from class path resource [jdbc.properties]
[INFO] [2016-07-09 13:07:44][org.springframework.beans.factory.annotation.AutowiredAnnotationBeanPostProcessor]JSR-330 'javax.inject.Inject' annotation found and supported for autowiring
[INFO] [2016-07-09 13:07:44][org.springframework.web.context.ContextLoader]Root WebApplicationContext: initialization completed in 1189 ms
[INFO] [2016-07-09 13:07:44][org.springframework.web.servlet.DispatcherServlet]FrameworkServlet 'SpringMVC': initialization started
[INFO] [2016-07-09 13:07:44][org.springframework.web.context.support.XmlWebApplicationContext]Refreshing WebApplicationContext for namespace 'SpringMVC-servlet': startup date [Sat Jul 09 13:07:44 CST 2016]; parent: Root WebApplicationContext
[INFO] [2016-07-09 13:07:44][org.springframework.beans.factory.xml.XmlBeanDefinitionReader]Loading XML bean definitions from class path resource [spring-mvc.xml]
[INFO] [2016-07-09 13:07:44][org.springframework.beans.factory.annotation.AutowiredAnnotationBeanPostProcessor]JSR-330 'javax.inject.Inject' annotation found and supported for autowiring
[INFO] [2016-07-09 13:07:45][org.springframework.web.servlet.view.freemarker.FreeMarkerConfigurer]ClassTemplateLoader for Spring macros added to FreeMarker configuration
[INFO] [2016-07-09 13:07:45][org.springframework.web.servlet.mvc.annotation.DefaultAnnotationHandlerMapping]Mapped URL path [/js/test] onto handler 'jsTestController'
[INFO] [2016-07-09 13:07:45][org.springframework.web.servlet.mvc.annotation.DefaultAnnotationHandlerMapping]Mapped URL path [/js/test.*] onto handler 'jsTestController'
[INFO] [2016-07-09 13:07:45][org.springframework.web.servlet.mvc.annotation.DefaultAnnotationHandlerMapping]Mapped URL path [/js/test/] onto handler 'jsTestController'
[INFO] [2016-07-09 13:07:45][org.springframework.web.servlet.mvc.annotation.DefaultAnnotationHandlerMapping]Mapped URL path [/user/showUser] onto handler 'userController'
[INFO] [2016-07-09 13:07:45][org.springframework.web.servlet.mvc.annotation.DefaultAnnotationHandlerMapping]Mapped URL path [/user/showUser.*] onto handler 'userController'
[INFO] [2016-07-09 13:07:45][org.springframework.web.servlet.mvc.annotation.DefaultAnnotationHandlerMapping]Mapped URL path [/user/showUser/] onto handler 'userController'
[INFO] [2016-07-09 13:07:45][org.springframework.web.servlet.DispatcherServlet]FrameworkServlet 'SpringMVC': initialization completed in 870 ms
[INFO] [2016-07-09 13:11:06][org.springframework.web.context.ContextLoader]Root WebApplicationContext: initialization started
[INFO] [2016-07-09 13:11:06][org.springframework.web.context.support.XmlWebApplicationContext]Refreshing Root WebApplicationContext: startup date [Sat Jul 09 13:11:06 CST 2016]; root of context hierarchy
[INFO] [2016-07-09 13:11:06][org.springframework.beans.factory.xml.XmlBeanDefinitionReader]Loading XML bean definitions from class path resource [spring-mybatis.xml]
[INFO] [2016-07-09 13:11:08][org.springframework.beans.factory.config.PropertyPlaceholderConfigurer]Loading properties file from class path resource [jdbc.properties]
[INFO] [2016-07-09 13:11:08][org.springframework.beans.factory.annotation.AutowiredAnnotationBeanPostProcessor]JSR-330 'javax.inject.Inject' annotation found and supported for autowiring
[INFO] [2016-07-09 13:11:09][org.springframework.web.context.ContextLoader]Root WebApplicationContext: initialization completed in 3069 ms
[INFO] [2016-07-09 13:11:09][org.springframework.web.servlet.DispatcherServlet]FrameworkServlet 'SpringMVC': initialization started
[INFO] [2016-07-09 13:11:09][org.springframework.web.context.support.XmlWebApplicationContext]Refreshing WebApplicationContext for namespace 'SpringMVC-servlet': startup date [Sat Jul 09 13:11:09 CST 2016]; parent: Root WebApplicationContext
[INFO] [2016-07-09 13:11:09][org.springframework.beans.factory.xml.XmlBeanDefinitionReader]Loading XML bean definitions from class path resource [spring-mvc.xml]
[INFO] [2016-07-09 13:11:09][org.springframework.beans.factory.annotation.AutowiredAnnotationBeanPostProcessor]JSR-330 'javax.inject.Inject' annotation found and supported for autowiring
[INFO] [2016-07-09 13:11:10][org.springframework.web.servlet.view.freemarker.FreeMarkerConfigurer]ClassTemplateLoader for Spring macros added to FreeMarker configuration
[INFO] [2016-07-09 13:11:10][org.springframework.web.servlet.mvc.annotation.DefaultAnnotationHandlerMapping]Mapped URL path [/js/test] onto handler 'jsTestController'
[INFO] [2016-07-09 13:11:10][org.springframework.web.servlet.mvc.annotation.DefaultAnnotationHandlerMapping]Mapped URL path [/js/test.*] onto handler 'jsTestController'
[INFO] [2016-07-09 13:11:10][org.springframework.web.servlet.mvc.annotation.DefaultAnnotationHandlerMapping]Mapped URL path [/js/test/] onto handler 'jsTestController'
[INFO] [2016-07-09 13:11:10][org.springframework.web.servlet.mvc.annotation.DefaultAnnotationHandlerMapping]Mapped URL path [/user/showUser] onto handler 'userController'
[INFO] [2016-07-09 13:11:10][org.springframework.web.servlet.mvc.annotation.DefaultAnnotationHandlerMapping]Mapped URL path [/user/showUser.*] onto handler 'userController'
[INFO] [2016-07-09 13:11:10][org.springframework.web.servlet.mvc.annotation.DefaultAnnotationHandlerMapping]Mapped URL path [/user/showUser/] onto handler 'userController'
[INFO] [2016-07-09 13:11:10][org.springframework.web.servlet.DispatcherServlet]FrameworkServlet 'SpringMVC': initialization completed in 1035 ms
[INFO] [2016-07-09 13:15:41][org.springframework.web.context.ContextLoader]Root WebApplicationContext: initialization started
[INFO] [2016-07-09 13:15:41][org.springframework.web.context.support.XmlWebApplicationContext]Refreshing Root WebApplicationContext: startup date [Sat Jul 09 13:15:41 CST 2016]; root of context hierarchy
[INFO] [2016-07-09 13:15:41][org.springframework.beans.factory.xml.XmlBeanDefinitionReader]Loading XML bean definitions from class path resource [spring-mybatis.xml]
[INFO] [2016-07-09 13:15:42][org.springframework.beans.factory.config.PropertyPlaceholderConfigurer]Loading properties file from class path resource [jdbc.properties]
[INFO] [2016-07-09 13:15:42][org.springframework.beans.factory.annotation.AutowiredAnnotationBeanPostProcessor]JSR-330 'javax.inject.Inject' annotation found and supported for autowiring
[INFO] [2016-07-09 13:15:42][org.springframework.web.context.ContextLoader]Root WebApplicationContext: initialization completed in 1195 ms
[INFO] [2016-07-09 13:15:42][org.springframework.web.servlet.DispatcherServlet]FrameworkServlet 'SpringMVC': initialization started
[INFO] [2016-07-09 13:15:42][org.springframework.web.context.support.XmlWebApplicationContext]Refreshing WebApplicationContext for namespace 'SpringMVC-servlet': startup date [Sat Jul 09 13:15:42 CST 2016]; parent: Root WebApplicationContext
[INFO] [2016-07-09 13:15:42][org.springframework.beans.factory.xml.XmlBeanDefinitionReader]Loading XML bean definitions from class path resource [spring-mvc.xml]
[INFO] [2016-07-09 13:15:42][org.springframework.beans.factory.annotation.AutowiredAnnotationBeanPostProcessor]JSR-330 'javax.inject.Inject' annotation found and supported for autowiring
[INFO] [2016-07-09 13:15:43][org.springframework.web.servlet.view.freemarker.FreeMarkerConfigurer]ClassTemplateLoader for Spring macros added to FreeMarker configuration
[INFO] [2016-07-09 13:15:43][org.springframework.web.servlet.mvc.annotation.DefaultAnnotationHandlerMapping]Mapped URL path [/js/test] onto handler 'jsTestController'
[INFO] [2016-07-09 13:15:43][org.springframework.web.servlet.mvc.annotation.DefaultAnnotationHandlerMapping]Mapped URL path [/js/test.*] onto handler 'jsTestController'
[INFO] [2016-07-09 13:15:43][org.springframework.web.servlet.mvc.annotation.DefaultAnnotationHandlerMapping]Mapped URL path [/js/test/] onto handler 'jsTestController'
[INFO] [2016-07-09 13:15:43][org.springframework.web.servlet.mvc.annotation.DefaultAnnotationHandlerMapping]Mapped URL path [/user/showUser] onto handler 'userController'
[INFO] [2016-07-09 13:15:43][org.springframework.web.servlet.mvc.annotation.DefaultAnnotationHandlerMapping]Mapped URL path [/user/showUser.*] onto handler 'userController'
[INFO] [2016-07-09 13:15:43][org.springframework.web.servlet.mvc.annotation.DefaultAnnotationHandlerMapping]Mapped URL path [/user/showUser/] onto handler 'userController'
[INFO] [2016-07-09 13:15:44][org.springframework.web.servlet.DispatcherServlet]FrameworkServlet 'SpringMVC': initialization completed in 1180 ms
[INFO] [2016-07-09 15:49:31][org.springframework.web.context.ContextLoader]Root WebApplicationContext: initialization started
[INFO] [2016-07-09 15:49:31][org.springframework.web.context.support.XmlWebApplicationContext]Refreshing Root WebApplicationContext: startup date [Sat Jul 09 15:49:31 CST 2016]; root of context hierarchy
[INFO] [2016-07-09 15:49:31][org.springframework.beans.factory.xml.XmlBeanDefinitionReader]Loading XML bean definitions from class path resource [spring-mybatis.xml]
[INFO] [2016-07-09 15:49:31][org.springframework.beans.factory.config.PropertyPlaceholderConfigurer]Loading properties file from class path resource [jdbc.properties]
[INFO] [2016-07-09 15:49:31][org.springframework.beans.factory.annotation.AutowiredAnnotationBeanPostProcessor]JSR-330 'javax.inject.Inject' annotation found and supported for autowiring
[INFO] [2016-07-09 15:49:31][org.springframework.web.context.ContextLoader]Root WebApplicationContext: initialization completed in 949 ms
[INFO] [2016-07-09 15:49:32][org.springframework.web.servlet.DispatcherServlet]FrameworkServlet 'SpringMVC': initialization started
[INFO] [2016-07-09 15:49:32][org.springframework.web.context.support.XmlWebApplicationContext]Refreshing WebApplicationContext for namespace 'SpringMVC-servlet': startup date [Sat Jul 09 15:49:32 CST 2016]; parent: Root WebApplicationContext
[INFO] [2016-07-09 15:49:32][org.springframework.beans.factory.xml.XmlBeanDefinitionReader]Loading XML bean definitions from class path resource [spring-mvc.xml]
[INFO] [2016-07-09 15:49:32][org.springframework.beans.factory.annotation.AutowiredAnnotationBeanPostProcessor]JSR-330 'javax.inject.Inject' annotation found and supported for autowiring
[INFO] [2016-07-09 15:49:32][org.springframework.web.servlet.view.freemarker.FreeMarkerConfigurer]ClassTemplateLoader for Spring macros added to FreeMarker configuration
[INFO] [2016-07-09 15:49:32][org.springframework.web.servlet.mvc.annotation.DefaultAnnotationHandlerMapping]Mapped URL path [/js/test] onto handler 'jsTestController'
[INFO] [2016-07-09 15:49:32][org.springframework.web.servlet.mvc.annotation.DefaultAnnotationHandlerMapping]Mapped URL path [/js/test.*] onto handler 'jsTestController'
[INFO] [2016-07-09 15:49:32][org.springframework.web.servlet.mvc.annotation.DefaultAnnotationHandlerMapping]Mapped URL path [/js/test/] onto handler 'jsTestController'
[INFO] [2016-07-09 15:49:32][org.springframework.web.servlet.mvc.annotation.DefaultAnnotationHandlerMapping]Mapped URL path [/user/showUser] onto handler 'userController'
[INFO] [2016-07-09 15:49:32][org.springframework.web.servlet.mvc.annotation.DefaultAnnotationHandlerMapping]Mapped URL path [/user/showUser.*] onto handler 'userController'
[INFO] [2016-07-09 15:49:32][org.springframework.web.servlet.mvc.annotation.DefaultAnnotationHandlerMapping]Mapped URL path [/user/showUser/] onto handler 'userController'
[INFO] [2016-07-09 15:49:32][org.springframework.web.servlet.DispatcherServlet]FrameworkServlet 'SpringMVC': initialization completed in 820 ms
[WARN] [2016-07-09 15:49:45][org.springframework.web.servlet.PageNotFound]No mapping found for HTTP request with URI [/jsdemo/res/js/common.js] in DispatcherServlet with name 'SpringMVC'
[WARN] [2016-07-09 15:49:45][org.springframework.web.servlet.PageNotFound]No mapping found for HTTP request with URI [/jsdemo/res/js/app/dataType.jss] in DispatcherServlet with name 'SpringMVC'
[INFO] [2016-07-09 15:54:13][org.springframework.web.context.ContextLoader]Root WebApplicationContext: initialization started
[INFO] [2016-07-09 15:54:13][org.springframework.web.context.support.XmlWebApplicationContext]Refreshing Root WebApplicationContext: startup date [Sat Jul 09 15:54:13 CST 2016]; root of context hierarchy
[INFO] [2016-07-09 15:54:13][org.springframework.beans.factory.xml.XmlBeanDefinitionReader]Loading XML bean definitions from class path resource [spring-mybatis.xml]
[INFO] [2016-07-09 15:54:14][org.springframework.beans.factory.config.PropertyPlaceholderConfigurer]Loading properties file from class path resource [jdbc.properties]
[INFO] [2016-07-09 15:54:14][org.springframework.beans.factory.annotation.AutowiredAnnotationBeanPostProcessor]JSR-330 'javax.inject.Inject' annotation found and supported for autowiring
[INFO] [2016-07-09 15:54:14][org.springframework.web.context.ContextLoader]Root WebApplicationContext: initialization completed in 949 ms
[INFO] [2016-07-09 15:54:14][org.springframework.web.servlet.DispatcherServlet]FrameworkServlet 'SpringMVC': initialization started
[INFO] [2016-07-09 15:54:14][org.springframework.web.context.support.XmlWebApplicationContext]Refreshing WebApplicationContext for namespace 'SpringMVC-servlet': startup date [Sat Jul 09 15:54:14 CST 2016]; parent: Root WebApplicationContext
[INFO] [2016-07-09 15:54:14][org.springframework.beans.factory.xml.XmlBeanDefinitionReader]Loading XML bean definitions from class path resource [spring-mvc.xml]
[INFO] [2016-07-09 15:54:14][org.springframework.beans.factory.annotation.AutowiredAnnotationBeanPostProcessor]JSR-330 'javax.inject.Inject' annotation found and supported for autowiring
[INFO] [2016-07-09 15:54:15][org.springframework.web.servlet.view.freemarker.FreeMarkerConfigurer]ClassTemplateLoader for Spring macros added to FreeMarker configuration
[INFO] [2016-07-09 15:54:15][org.springframework.web.servlet.mvc.annotation.DefaultAnnotationHandlerMapping]Mapped URL path [/js/test] onto handler 'jsTestController'
[INFO] [2016-07-09 15:54:15][org.springframework.web.servlet.mvc.annotation.DefaultAnnotationHandlerMapping]Mapped URL path [/js/test.*] onto handler 'jsTestController'
[INFO] [2016-07-09 15:54:15][org.springframework.web.servlet.mvc.annotation.DefaultAnnotationHandlerMapping]Mapped URL path [/js/test/] onto handler 'jsTestController'
[INFO] [2016-07-09 15:54:15][org.springframework.web.servlet.mvc.annotation.DefaultAnnotationHandlerMapping]Mapped URL path [/user/showUser] onto handler 'userController'
[INFO] [2016-07-09 15:54:15][org.springframework.web.servlet.mvc.annotation.DefaultAnnotationHandlerMapping]Mapped URL path [/user/showUser.*] onto handler 'userController'
[INFO] [2016-07-09 15:54:15][org.springframework.web.servlet.mvc.annotation.DefaultAnnotationHandlerMapping]Mapped URL path [/user/showUser/] onto handler 'userController'
[INFO] [2016-07-09 15:54:15][org.springframework.web.servlet.DispatcherServlet]FrameworkServlet 'SpringMVC': initialization completed in 779 ms
[WARN] [2016-07-09 15:54:39][org.springframework.web.servlet.PageNotFound]No mapping found for HTTP request with URI [/jsdemo/res/js/common.js] in DispatcherServlet with name 'SpringMVC'
[WARN] [2016-07-09 15:54:39][org.springframework.web.servlet.PageNotFound]No mapping found for HTTP request with URI [/jsdemo/res/js/app/dataType.jss] in DispatcherServlet with name 'SpringMVC'
[WARN] [2016-07-09 15:54:40][org.springframework.web.servlet.PageNotFound]No mapping found for HTTP request with URI [/jsdemo/res/js/common.js] in DispatcherServlet with name 'SpringMVC'
[WARN] [2016-07-09 15:54:40][org.springframework.web.servlet.PageNotFound]No mapping found for HTTP request with URI [/jsdemo/res/js/app/dataType.jss] in DispatcherServlet with name 'SpringMVC'
[WARN] [2016-07-09 15:55:12][org.springframework.web.servlet.PageNotFound]No mapping found for HTTP request with URI [/jsdemo/res/js/common.js] in DispatcherServlet with name 'SpringMVC'
[WARN] [2016-07-09 15:55:24][org.springframework.web.servlet.PageNotFound]No mapping found for HTTP request with URI [/jsdemo/res/js/] in DispatcherServlet with name 'SpringMVC'
[WARN] [2016-07-09 15:55:36][org.springframework.web.servlet.PageNotFound]No mapping found for HTTP request with URI [/jsdemo/res/js/common.js] in DispatcherServlet with name 'SpringMVC'
[WARN] [2016-07-09 15:55:38][org.springframework.web.servlet.PageNotFound]No mapping found for HTTP request with URI [/jsdemo/res/js/common.js] in DispatcherServlet with name 'SpringMVC'
[WARN] [2016-07-09 15:55:38][org.springframework.web.servlet.PageNotFound]No mapping found for HTTP request with URI [/jsdemo/res/js/app/dataType.jss] in DispatcherServlet with name 'SpringMVC'
[WARN] [2016-07-09 15:55:52][org.springframework.web.servlet.PageNotFound]No mapping found for HTTP request with URI [/jsdemo/res/js/common.js] in DispatcherServlet with name 'SpringMVC'
[WARN] [2016-07-09 15:55:52][org.springframework.web.servlet.PageNotFound]No mapping found for HTTP request with URI [/jsdemo/res/js/app/dataType.jss] in DispatcherServlet with name 'SpringMVC'
[WARN] [2016-07-09 15:55:53][org.springframework.web.servlet.PageNotFound]No mapping found for HTTP request with URI [/jsdemo/res/js/common.js] in DispatcherServlet with name 'SpringMVC'
[WARN] [2016-07-09 15:55:53][org.springframework.web.servlet.PageNotFound]No mapping found for HTTP request with URI [/jsdemo/res/js/app/dataType.jss] in DispatcherServlet with name 'SpringMVC'
[WARN] [2016-07-09 15:57:17][org.springframework.web.servlet.PageNotFound]No mapping found for HTTP request with URI [/jsdemo/res/test.txt] in DispatcherServlet with name 'SpringMVC'
[INFO] [2016-07-09 16:02:19][org.springframework.web.context.ContextLoader]Root WebApplicationContext: initialization started
[INFO] [2016-07-09 16:02:19][org.springframework.web.context.support.XmlWebApplicationContext]Refreshing Root WebApplicationContext: startup date [Sat Jul 09 16:02:19 CST 2016]; root of context hierarchy
[INFO] [2016-07-09 16:02:19][org.springframework.beans.factory.xml.XmlBeanDefinitionReader]Loading XML bean definitions from class path resource [spring-mybatis.xml]
[INFO] [2016-07-09 16:02:20][org.springframework.beans.factory.config.PropertyPlaceholderConfigurer]Loading properties file from class path resource [jdbc.properties]
[INFO] [2016-07-09 16:02:20][org.springframework.beans.factory.annotation.AutowiredAnnotationBeanPostProcessor]JSR-330 'javax.inject.Inject' annotation found and supported for autowiring
[INFO] [2016-07-09 16:02:20][org.springframework.web.context.ContextLoader]Root WebApplicationContext: initialization completed in 1042 ms
[INFO] [2016-07-09 16:02:20][org.springframework.web.servlet.DispatcherServlet]FrameworkServlet 'SpringMVC': initialization started
[INFO] [2016-07-09 16:02:20][org.springframework.web.context.support.XmlWebApplicationContext]Refreshing WebApplicationContext for namespace 'SpringMVC-servlet': startup date [Sat Jul 09 16:02:20 CST 2016]; parent: Root WebApplicationContext
[INFO] [2016-07-09 16:02:20][org.springframework.beans.factory.xml.XmlBeanDefinitionReader]Loading XML bean definitions from class path resource [spring-mvc.xml]
[INFO] [2016-07-09 16:02:20][org.springframework.beans.factory.annotation.AutowiredAnnotationBeanPostProcessor]JSR-330 'javax.inject.Inject' annotation found and supported for autowiring
[INFO] [2016-07-09 16:02:20][org.springframework.web.servlet.handler.SimpleUrlHandlerMapping]Mapped URL path [/**/*.js] onto handler 'org.springframework.web.servlet.resource.ResourceHttpRequestHandler#0'
[INFO] [2016-07-09 16:02:21][org.springframework.web.servlet.handler.SimpleUrlHandlerMapping]Mapped URL path [/**/*.css] onto handler 'org.springframework.web.servlet.resource.ResourceHttpRequestHandler#1'
[INFO] [2016-07-09 16:02:21][org.springframework.web.servlet.handler.SimpleUrlHandlerMapping]Mapped URL path [/**/*.png] onto handler 'org.springframework.web.servlet.resource.ResourceHttpRequestHandler#2'
[INFO] [2016-07-09 16:02:21][org.springframework.web.servlet.handler.SimpleUrlHandlerMapping]Mapped URL path [/**/*.gif] onto handler 'org.springframework.web.servlet.resource.ResourceHttpRequestHandler#3'
[INFO] [2016-07-09 16:02:21][org.springframework.web.servlet.view.freemarker.FreeMarkerConfigurer]ClassTemplateLoader for Spring macros added to FreeMarker configuration
[INFO] [2016-07-09 16:02:21][org.springframework.web.servlet.DispatcherServlet]FrameworkServlet 'SpringMVC': initialization completed in 1134 ms
[WARN] [2016-07-09 16:16:21][org.springframework.web.servlet.PageNotFound]No mapping found for HTTP request with URI [/jsdemo/js/test] in DispatcherServlet with name 'SpringMVC'
[WARN] [2016-07-09 16:16:58][org.springframework.web.servlet.PageNotFound]No mapping found for HTTP request with URI [/jsdemo/res/test.txt] in DispatcherServlet with name 'SpringMVC'
[WARN] [2016-07-09 16:17:01][org.springframework.web.servlet.PageNotFound]No mapping found for HTTP request with URI [/jsdemo/res/js/app/dataType.jss] in DispatcherServlet with name 'SpringMVC'
[WARN] [2016-07-09 16:17:05][org.springframework.web.servlet.PageNotFound]No mapping found for HTTP request with URI [/jsdemo/js/test] in DispatcherServlet with name 'SpringMVC'
[INFO] [2016-07-09 16:20:06][org.springframework.web.context.ContextLoader]Root WebApplicationContext: initialization started
[INFO] [2016-07-09 16:20:07][org.springframework.web.context.support.XmlWebApplicationContext]Refreshing Root WebApplicationContext: startup date [Sat Jul 09 16:20:07 CST 2016]; root of context hierarchy
[INFO] [2016-07-09 16:20:07][org.springframework.beans.factory.xml.XmlBeanDefinitionReader]Loading XML bean definitions from class path resource [spring-mybatis.xml]
[INFO] [2016-07-09 16:20:07][org.springframework.beans.factory.config.PropertyPlaceholderConfigurer]Loading properties file from class path resource [jdbc.properties]
[INFO] [2016-07-09 16:20:07][org.springframework.beans.factory.annotation.AutowiredAnnotationBeanPostProcessor]JSR-330 'javax.inject.Inject' annotation found and supported for autowiring
[INFO] [2016-07-09 16:20:08][org.springframework.web.context.ContextLoader]Root WebApplicationContext: initialization completed in 1844 ms
[INFO] [2016-07-09 16:20:08][org.springframework.web.servlet.DispatcherServlet]FrameworkServlet 'SpringMVC': initialization started
[INFO] [2016-07-09 16:20:08][org.springframework.web.context.support.XmlWebApplicationContext]Refreshing WebApplicationContext for namespace 'SpringMVC-servlet': startup date [Sat Jul 09 16:20:08 CST 2016]; parent: Root WebApplicationContext
[INFO] [2016-07-09 16:20:08][org.springframework.beans.factory.xml.XmlBeanDefinitionReader]Loading XML bean definitions from class path resource [spring-mvc.xml]
[INFO] [2016-07-09 16:20:09][org.springframework.beans.factory.annotation.AutowiredAnnotationBeanPostProcessor]JSR-330 'javax.inject.Inject' annotation found and supported for autowiring
[INFO] [2016-07-09 16:20:09][org.springframework.web.servlet.handler.SimpleUrlHandlerMapping]Mapped URL path [/**/*.js] onto handler 'org.springframework.web.servlet.resource.ResourceHttpRequestHandler#0'
[INFO] [2016-07-09 16:20:09][org.springframework.web.servlet.handler.SimpleUrlHandlerMapping]Mapped URL path [/**/*.css] onto handler 'org.springframework.web.servlet.resource.ResourceHttpRequestHandler#1'
[INFO] [2016-07-09 16:20:09][org.springframework.web.servlet.handler.SimpleUrlHandlerMapping]Mapped URL path [/**/*.png] onto handler 'org.springframework.web.servlet.resource.ResourceHttpRequestHandler#2'
[INFO] [2016-07-09 16:20:09][org.springframework.web.servlet.handler.SimpleUrlHandlerMapping]Mapped URL path [/**/*.gif] onto handler 'org.springframework.web.servlet.resource.ResourceHttpRequestHandler#3'
[INFO] [2016-07-09 16:20:09][org.springframework.web.servlet.view.freemarker.FreeMarkerConfigurer]ClassTemplateLoader for Spring macros added to FreeMarker configuration
[INFO] [2016-07-09 16:20:09][org.springframework.web.servlet.DispatcherServlet]FrameworkServlet 'SpringMVC': initialization completed in 823 ms
[WARN] [2016-07-09 16:20:21][org.springframework.web.servlet.PageNotFound]No mapping found for HTTP request with URI [/jsdemo/js/test] in DispatcherServlet with name 'SpringMVC'
[WARN] [2016-07-09 16:20:23][org.springframework.web.servlet.PageNotFound]No mapping found for HTTP request with URI [/jsdemo/js/test] in DispatcherServlet with name 'SpringMVC'
[WARN] [2016-07-09 16:20:35][org.springframework.web.servlet.PageNotFound]No mapping found for HTTP request with URI [/jsdemo/js/test] in DispatcherServlet with name 'SpringMVC'
[WARN] [2016-07-09 16:20:45][org.springframework.web.servlet.PageNotFound]No mapping found for HTTP request with URI [/jsdemo/js/test] in DispatcherServlet with name 'SpringMVC'
[WARN] [2016-07-09 16:20:49][org.springframework.web.servlet.PageNotFound]No mapping found for HTTP request with URI [/jsdemo/js/test] in DispatcherServlet with name 'SpringMVC'
[WARN] [2016-07-09 16:21:09][org.springframework.web.servlet.PageNotFound]No mapping found for HTTP request with URI [/jsdemo/js/test] in DispatcherServlet with name 'SpringMVC'
[WARN] [2016-07-09 16:21:18][org.springframework.web.servlet.PageNotFound]No mapping found for HTTP request with URI [/jsdemo/js/test] in DispatcherServlet with name 'SpringMVC'
[INFO] [2016-07-09 16:21:54][org.springframework.web.context.ContextLoader]Root WebApplicationContext: initialization started
[INFO] [2016-07-09 16:21:54][org.springframework.web.context.support.XmlWebApplicationContext]Refreshing Root WebApplicationContext: startup date [Sat Jul 09 16:21:54 CST 2016]; root of context hierarchy
[INFO] [2016-07-09 16:21:54][org.springframework.beans.factory.xml.XmlBeanDefinitionReader]Loading XML bean definitions from class path resource [spring-mybatis.xml]
[INFO] [2016-07-09 16:21:55][org.springframework.beans.factory.config.PropertyPlaceholderConfigurer]Loading properties file from class path resource [jdbc.properties]
[INFO] [2016-07-09 16:21:55][org.springframework.beans.factory.annotation.AutowiredAnnotationBeanPostProcessor]JSR-330 'javax.inject.Inject' annotation found and supported for autowiring
[INFO] [2016-07-09 16:21:55][org.springframework.web.context.ContextLoader]Root WebApplicationContext: initialization completed in 1363 ms
[INFO] [2016-07-09 16:21:55][org.springframework.web.servlet.DispatcherServlet]FrameworkServlet 'SpringMVC': initialization started
[INFO] [2016-07-09 16:21:55][org.springframework.web.context.support.XmlWebApplicationContext]Refreshing WebApplicationContext for namespace 'SpringMVC-servlet': startup date [Sat Jul 09 16:21:55 CST 2016]; parent: Root WebApplicationContext
[INFO] [2016-07-09 16:21:55][org.springframework.beans.factory.xml.XmlBeanDefinitionReader]Loading XML bean definitions from class path resource [spring-mvc.xml]
[INFO] [2016-07-09 16:21:56][org.springframework.beans.factory.annotation.AutowiredAnnotationBeanPostProcessor]JSR-330 'javax.inject.Inject' annotation found and supported for autowiring
[INFO] [2016-07-09 16:21:56][org.springframework.web.servlet.handler.SimpleUrlHandlerMapping]Mapped URL path [/**/*.js] onto handler 'org.springframework.web.servlet.resource.ResourceHttpRequestHandler#0'
[INFO] [2016-07-09 16:21:56][org.springframework.web.servlet.handler.SimpleUrlHandlerMapping]Mapped URL path [/**/*.css] onto handler 'org.springframework.web.servlet.resource.ResourceHttpRequestHandler#1'
[INFO] [2016-07-09 16:21:56][org.springframework.web.servlet.handler.SimpleUrlHandlerMapping]Mapped URL path [/**/*.png] onto handler 'org.springframework.web.servlet.resource.ResourceHttpRequestHandler#2'
[INFO] [2016-07-09 16:21:56][org.springframework.web.servlet.handler.SimpleUrlHandlerMapping]Mapped URL path [/**/*.gif] onto handler 'org.springframework.web.servlet.resource.ResourceHttpRequestHandler#3'
[INFO] [2016-07-09 16:21:56][org.springframework.web.servlet.view.freemarker.FreeMarkerConfigurer]ClassTemplateLoader for Spring macros added to FreeMarker configuration
[INFO] [2016-07-09 16:21:56][org.springframework.web.servlet.DispatcherServlet]FrameworkServlet 'SpringMVC': initialization completed in 760 ms
[WARN] [2016-07-09 16:22:07][org.springframework.web.servlet.PageNotFound]No mapping found for HTTP request with URI [/jsdemo/js/test] in DispatcherServlet with name 'SpringMVC'
[INFO] [2016-07-09 16:30:08][org.springframework.web.context.ContextLoader]Root WebApplicationContext: initialization started
[INFO] [2016-07-09 16:30:09][org.springframework.web.context.support.XmlWebApplicationContext]Refreshing Root WebApplicationContext: startup date [Sat Jul 09 16:30:09 CST 2016]; root of context hierarchy
[INFO] [2016-07-09 16:30:09][org.springframework.beans.factory.xml.XmlBeanDefinitionReader]Loading XML bean definitions from class path resource [spring-mybatis.xml]
[INFO] [2016-07-09 16:30:09][org.springframework.beans.factory.config.PropertyPlaceholderConfigurer]Loading properties file from class path resource [jdbc.properties]
[INFO] [2016-07-09 16:30:09][org.springframework.beans.factory.annotation.AutowiredAnnotationBeanPostProcessor]JSR-330 'javax.inject.Inject' annotation found and supported for autowiring
[INFO] [2016-07-09 16:30:09][org.springframework.web.context.ContextLoader]Root WebApplicationContext: initialization completed in 1057 ms
[INFO] [2016-07-09 16:30:10][org.springframework.web.servlet.DispatcherServlet]FrameworkServlet 'SpringMVC': initialization started
[INFO] [2016-07-09 16:30:10][org.springframework.web.context.support.XmlWebApplicationContext]Refreshing WebApplicationContext for namespace 'SpringMVC-servlet': startup date [Sat Jul 09 16:30:10 CST 2016]; parent: Root WebApplicationContext
[INFO] [2016-07-09 16:30:10][org.springframework.beans.factory.xml.XmlBeanDefinitionReader]Loading XML bean definitions from class path resource [spring-mvc.xml]
[INFO] [2016-07-09 16:30:10][org.springframework.beans.factory.annotation.AutowiredAnnotationBeanPostProcessor]JSR-330 'javax.inject.Inject' annotation found and supported for autowiring
[INFO] [2016-07-09 16:30:10][org.springframework.web.servlet.handler.SimpleUrlHandlerMapping]Mapped URL path [/res/image/**] onto handler 'org.springframework.web.servlet.resource.ResourceHttpRequestHandler#0'
[INFO] [2016-07-09 16:30:10][org.springframework.web.servlet.handler.SimpleUrlHandlerMapping]Mapped URL path [/res//js/**] onto handler 'org.springframework.web.servlet.resource.ResourceHttpRequestHandler#1'
[INFO] [2016-07-09 16:30:10][org.springframework.web.servlet.handler.SimpleUrlHandlerMapping]Mapped URL path [/res/css/**] onto handler 'org.springframework.web.servlet.resource.ResourceHttpRequestHandler#2'
[INFO] [2016-07-09 16:30:10][org.springframework.web.servlet.view.freemarker.FreeMarkerConfigurer]ClassTemplateLoader for Spring macros added to FreeMarker configuration
[INFO] [2016-07-09 16:30:10][org.springframework.web.servlet.DispatcherServlet]FrameworkServlet 'SpringMVC': initialization completed in 851 ms
[WARN] [2016-07-09 16:30:20][org.springframework.web.servlet.PageNotFound]No mapping found for HTTP request with URI [/jsdemo/js/test] in DispatcherServlet with name 'SpringMVC'
[WARN] [2016-07-09 16:30:21][org.springframework.web.servlet.PageNotFound]No mapping found for HTTP request with URI [/jsdemo/js/test] in DispatcherServlet with name 'SpringMVC'
[WARN] [2016-07-09 16:30:21][org.springframework.web.servlet.PageNotFound]No mapping found for HTTP request with URI [/jsdemo/js/test] in DispatcherServlet with name 'SpringMVC'
[WARN] [2016-07-09 16:30:21][org.springframework.web.servlet.PageNotFound]No mapping found for HTTP request with URI [/jsdemo/js/test] in DispatcherServlet with name 'SpringMVC'
[WARN] [2016-07-09 16:30:22][org.springframework.web.servlet.PageNotFound]No mapping found for HTTP request with URI [/jsdemo/js/test] in DispatcherServlet with name 'SpringMVC'
[WARN] [2016-07-09 16:30:28][org.springframework.web.servlet.PageNotFound]No mapping found for HTTP request with URI [/jsdemo/jsdemo/test] in DispatcherServlet with name 'SpringMVC'
[WARN] [2016-07-09 16:30:37][org.springframework.web.servlet.PageNotFound]No mapping found for HTTP request with URI [/jsdemo/jstest/test] in DispatcherServlet with name 'SpringMVC'
[INFO] [2016-07-09 16:31:27][org.springframework.web.context.ContextLoader]Root WebApplicationContext: initialization started
[INFO] [2016-07-09 16:31:27][org.springframework.web.context.support.XmlWebApplicationContext]Refreshing Root WebApplicationContext: startup date [Sat Jul 09 16:31:27 CST 2016]; root of context hierarchy
[INFO] [2016-07-09 16:31:27][org.springframework.beans.factory.xml.XmlBeanDefinitionReader]Loading XML bean definitions from class path resource [spring-mybatis.xml]
[INFO] [2016-07-09 16:31:28][org.springframework.beans.factory.config.PropertyPlaceholderConfigurer]Loading properties file from class path resource [jdbc.properties]
[INFO] [2016-07-09 16:31:28][org.springframework.beans.factory.annotation.AutowiredAnnotationBeanPostProcessor]JSR-330 'javax.inject.Inject' annotation found and supported for autowiring
[INFO] [2016-07-09 16:31:28][org.springframework.web.context.ContextLoader]Root WebApplicationContext: initialization completed in 1184 ms
[INFO] [2016-07-09 16:31:28][org.springframework.web.servlet.DispatcherServlet]FrameworkServlet 'SpringMVC': initialization started
[INFO] [2016-07-09 16:31:28][org.springframework.web.context.support.XmlWebApplicationContext]Refreshing WebApplicationContext for namespace 'SpringMVC-servlet': startup date [Sat Jul 09 16:31:28 CST 2016]; parent: Root WebApplicationContext
[INFO] [2016-07-09 16:31:28][org.springframework.beans.factory.xml.XmlBeanDefinitionReader]Loading XML bean definitions from class path resource [spring-mvc.xml]
[INFO] [2016-07-09 16:31:29][org.springframework.beans.factory.annotation.AutowiredAnnotationBeanPostProcessor]JSR-330 'javax.inject.Inject' annotation found and supported for autowiring
[INFO] [2016-07-09 16:31:29][org.springframework.web.servlet.handler.SimpleUrlHandlerMapping]Mapped URL path [/res/image/**] onto handler 'org.springframework.web.servlet.resource.ResourceHttpRequestHandler#0'
[INFO] [2016-07-09 16:31:29][org.springframework.web.servlet.handler.SimpleUrlHandlerMapping]Mapped URL path [/res/js/**] onto handler 'org.springframework.web.servlet.resource.ResourceHttpRequestHandler#1'
[INFO] [2016-07-09 16:31:29][org.springframework.web.servlet.handler.SimpleUrlHandlerMapping]Mapped URL path [/res/css/**] onto handler 'org.springframework.web.servlet.resource.ResourceHttpRequestHandler#2'
[INFO] [2016-07-09 16:31:29][org.springframework.web.servlet.view.freemarker.FreeMarkerConfigurer]ClassTemplateLoader for Spring macros added to FreeMarker configuration
[INFO] [2016-07-09 16:31:29][org.springframework.web.servlet.DispatcherServlet]FrameworkServlet 'SpringMVC': initialization completed in 965 ms
[WARN] [2016-07-09 16:31:45][org.springframework.web.servlet.PageNotFound]No mapping found for HTTP request with URI [/jsdemo/jstest/test] in DispatcherServlet with name 'SpringMVC'
[WARN] [2016-07-09 16:31:56][org.springframework.web.servlet.PageNotFound]No mapping found for HTTP request with URI [/jsdemo/jstest/test] in DispatcherServlet with name 'SpringMVC'
[INFO] [2016-07-09 16:32:47][org.springframework.web.context.ContextLoader]Root WebApplicationContext: initialization started
[INFO] [2016-07-09 16:32:47][org.springframework.web.context.support.XmlWebApplicationContext]Refreshing Root WebApplicationContext: startup date [Sat Jul 09 16:32:47 CST 2016]; root of context hierarchy
[INFO] [2016-07-09 16:32:47][org.springframework.beans.factory.xml.XmlBeanDefinitionReader]Loading XML bean definitions from class path resource [spring-mybatis.xml]
[INFO] [2016-07-09 16:32:48][org.springframework.beans.factory.config.PropertyPlaceholderConfigurer]Loading properties file from class path resource [jdbc.properties]
[INFO] [2016-07-09 16:32:48][org.springframework.beans.factory.annotation.AutowiredAnnotationBeanPostProcessor]JSR-330 'javax.inject.Inject' annotation found and supported for autowiring
[INFO] [2016-07-09 16:32:48][org.springframework.web.context.ContextLoader]Root WebApplicationContext: initialization completed in 1161 ms
[INFO] [2016-07-09 16:32:48][org.springframework.web.servlet.DispatcherServlet]FrameworkServlet 'SpringMVC': initialization started
[INFO] [2016-07-09 16:32:48][org.springframework.web.context.support.XmlWebApplicationContext]Refreshing WebApplicationContext for namespace 'SpringMVC-servlet': startup date [Sat Jul 09 16:32:48 CST 2016]; parent: Root WebApplicationContext
[INFO] [2016-07-09 16:32:48][org.springframework.beans.factory.xml.XmlBeanDefinitionReader]Loading XML bean definitions from class path resource [spring-mvc.xml]
[INFO] [2016-07-09 16:32:48][org.springframework.beans.factory.annotation.AutowiredAnnotationBeanPostProcessor]JSR-330 'javax.inject.Inject' annotation found and supported for autowiring
[INFO] [2016-07-09 16:32:49][org.springframework.web.servlet.view.freemarker.FreeMarkerConfigurer]ClassTemplateLoader for Spring macros added to FreeMarker configuration
[INFO] [2016-07-09 16:32:49][org.springframework.web.servlet.mvc.annotation.DefaultAnnotationHandlerMapping]Mapped URL path [/jstest/test] onto handler 'jsTestController'
[INFO] [2016-07-09 16:32:49][org.springframework.web.servlet.mvc.annotation.DefaultAnnotationHandlerMapping]Mapped URL path [/jstest/test.*] onto handler 'jsTestController'
[INFO] [2016-07-09 16:32:49][org.springframework.web.servlet.mvc.annotation.DefaultAnnotationHandlerMapping]Mapped URL path [/jstest/test/] onto handler 'jsTestController'
[INFO] [2016-07-09 16:32:49][org.springframework.web.servlet.mvc.annotation.DefaultAnnotationHandlerMapping]Mapped URL path [/user/showUser] onto handler 'userController'
[INFO] [2016-07-09 16:32:49][org.springframework.web.servlet.mvc.annotation.DefaultAnnotationHandlerMapping]Mapped URL path [/user/showUser.*] onto handler 'userController'
[INFO] [2016-07-09 16:32:49][org.springframework.web.servlet.mvc.annotation.DefaultAnnotationHandlerMapping]Mapped URL path [/user/showUser/] onto handler 'userController'
[INFO] [2016-07-09 16:32:49][org.springframework.web.servlet.DispatcherServlet]FrameworkServlet 'SpringMVC': initialization completed in 694 ms
[WARN] [2016-07-09 16:33:02][org.springframework.web.servlet.PageNotFound]No mapping found for HTTP request with URI [/jsdemo/res/js/common.js] in DispatcherServlet with name 'SpringMVC'
[WARN] [2016-07-09 16:33:02][org.springframework.web.servlet.PageNotFound]No mapping found for HTTP request with URI [/jsdemo/res/js/app/dataType.js] in DispatcherServlet with name 'SpringMVC'
[INFO] [2016-07-09 16:38:02][org.springframework.web.context.ContextLoader]Root WebApplicationContext: initialization started
[INFO] [2016-07-09 16:38:02][org.springframework.web.context.support.XmlWebApplicationContext]Refreshing Root WebApplicationContext: startup date [Sat Jul 09 16:38:02 CST 2016]; root of context hierarchy
[INFO] [2016-07-09 16:38:02][org.springframework.beans.factory.xml.XmlBeanDefinitionReader]Loading XML bean definitions from class path resource [spring-mybatis.xml]
[INFO] [2016-07-09 16:38:03][org.springframework.beans.factory.config.PropertyPlaceholderConfigurer]Loading properties file from class path resource [jdbc.properties]
[INFO] [2016-07-09 16:38:03][org.springframework.beans.factory.annotation.AutowiredAnnotationBeanPostProcessor]JSR-330 'javax.inject.Inject' annotation found and supported for autowiring
[INFO] [2016-07-09 16:38:03][org.springframework.web.servlet.mvc.method.annotation.RequestMappingHandlerMapping]Mapped "{[/jstest/test],methods=[],params=[],headers=[],consumes=[],produces=[],custom=[]}" onto public java.lang.String com.bao.controller.JsTestController.toIndex(javax.servlet.http.HttpServletRequest,org.springframework.ui.Model)
[INFO] [2016-07-09 16:38:03][org.springframework.web.servlet.mvc.method.annotation.RequestMappingHandlerMapping]Mapped "{[/user/showUser],methods=[],params=[],headers=[],consumes=[],produces=[],custom=[]}" onto public java.lang.String com.bao.controller.UserController.toIndex(javax.servlet.http.HttpServletRequest,org.springframework.ui.Model)
[INFO] [2016-07-09 16:38:04][org.springframework.web.context.ContextLoader]Root WebApplicationContext: initialization completed in 2394 ms
[INFO] [2016-07-09 16:38:04][org.springframework.web.servlet.DispatcherServlet]FrameworkServlet 'SpringMVC': initialization started
[INFO] [2016-07-09 16:38:04][org.springframework.web.context.support.XmlWebApplicationContext]Refreshing WebApplicationContext for namespace 'SpringMVC-servlet': startup date [Sat Jul 09 16:38:04 CST 2016]; parent: Root WebApplicationContext
[INFO] [2016-07-09 16:38:04][org.springframework.beans.factory.xml.XmlBeanDefinitionReader]Loading XML bean definitions from class path resource [spring-mvc.xml]
[INFO] [2016-07-09 16:38:04][org.springframework.beans.factory.annotation.AutowiredAnnotationBeanPostProcessor]JSR-330 'javax.inject.Inject' annotation found and supported for autowiring
[INFO] [2016-07-09 16:38:04][org.springframework.web.servlet.mvc.method.annotation.RequestMappingHandlerMapping]Mapped "{[/jstest/test],methods=[],params=[],headers=[],consumes=[],produces=[],custom=[]}" onto public java.lang.String com.bao.controller.JsTestController.toIndex(javax.servlet.http.HttpServletRequest,org.springframework.ui.Model)
[INFO] [2016-07-09 16:38:04][org.springframework.web.servlet.mvc.method.annotation.RequestMappingHandlerMapping]Mapped "{[/user/showUser],methods=[],params=[],headers=[],consumes=[],produces=[],custom=[]}" onto public java.lang.String com.bao.controller.UserController.toIndex(javax.servlet.http.HttpServletRequest,org.springframework.ui.Model)
[INFO] [2016-07-09 16:38:04][org.springframework.web.servlet.handler.SimpleUrlHandlerMapping]Mapped URL path [/res/**] onto handler 'org.springframework.web.servlet.resource.ResourceHttpRequestHandler#0'
[INFO] [2016-07-09 16:38:04][org.springframework.web.servlet.view.freemarker.FreeMarkerConfigurer]ClassTemplateLoader for Spring macros added to FreeMarker configuration
[INFO] [2016-07-09 16:38:04][org.springframework.web.servlet.DispatcherServlet]FrameworkServlet 'SpringMVC': initialization completed in 498 ms
[INFO] [2016-07-09 17:17:04][org.springframework.web.context.ContextLoader]Root WebApplicationContext: initialization started
[INFO] [2016-07-09 17:17:04][org.springframework.web.context.support.XmlWebApplicationContext]Refreshing Root WebApplicationContext: startup date [Sat Jul 09 17:17:04 CST 2016]; root of context hierarchy
[INFO] [2016-07-09 17:17:04][org.springframework.beans.factory.xml.XmlBeanDefinitionReader]Loading XML bean definitions from class path resource [spring-mybatis.xml]
[INFO] [2016-07-09 17:17:05][org.springframework.beans.factory.config.PropertyPlaceholderConfigurer]Loading properties file from class path resource [jdbc.properties]
[INFO] [2016-07-09 17:17:05][org.springframework.beans.factory.annotation.AutowiredAnnotationBeanPostProcessor]JSR-330 'javax.inject.Inject' annotation found and supported for autowiring
[INFO] [2016-07-09 17:17:05][org.springframework.web.context.ContextLoader]Root WebApplicationContext: initialization completed in 1253 ms
[INFO] [2016-07-09 17:17:06][org.springframework.web.servlet.DispatcherServlet]FrameworkServlet 'SpringMVC': initialization started
[INFO] [2016-07-09 17:17:06][org.springframework.web.context.support.XmlWebApplicationContext]Refreshing WebApplicationContext for namespace 'SpringMVC-servlet': startup date [Sat Jul 09 17:17:06 CST 2016]; parent: Root WebApplicationContext
[INFO] [2016-07-09 17:17:06][org.springframework.beans.factory.xml.XmlBeanDefinitionReader]Loading XML bean definitions from class path resource [spring-mvc.xml]
[INFO] [2016-07-09 17:17:06][org.springframework.beans.factory.annotation.AutowiredAnnotationBeanPostProcessor]JSR-330 'javax.inject.Inject' annotation found and supported for autowiring
[INFO] [2016-07-09 17:17:06][org.springframework.web.servlet.mvc.method.annotation.RequestMappingHandlerMapping]Mapped "{[/jstest/test],methods=[],params=[],headers=[],consumes=[],produces=[],custom=[]}" onto public java.lang.String com.bao.controller.JsTestController.toIndex(javax.servlet.http.HttpServletRequest,org.springframework.ui.Model)
[INFO] [2016-07-09 17:17:06][org.springframework.web.servlet.mvc.method.annotation.RequestMappingHandlerMapping]Mapped "{[/user/showUser],methods=[],params=[],headers=[],consumes=[],produces=[],custom=[]}" onto public java.lang.String com.bao.controller.UserController.toIndex(javax.servlet.http.HttpServletRequest,org.springframework.ui.Model)
[INFO] [2016-07-09 17:17:07][org.springframework.web.servlet.handler.SimpleUrlHandlerMapping]Mapped URL path [/res/**] onto handler 'org.springframework.web.servlet.resource.ResourceHttpRequestHandler#0'
[INFO] [2016-07-09 17:17:07][org.springframework.web.servlet.view.freemarker.FreeMarkerConfigurer]ClassTemplateLoader for Spring macros added to FreeMarker configuration
[INFO] [2016-07-09 17:17:07][org.springframework.web.servlet.DispatcherServlet]FrameworkServlet 'SpringMVC': initialization completed in 1387 ms
[INFO] [2016-07-09 17:18:04][org.springframework.web.context.ContextLoader]Root WebApplicationContext: initialization started
[INFO] [2016-07-09 17:18:05][org.springframework.web.context.support.XmlWebApplicationContext]Refreshing Root WebApplicationContext: startup date [Sat Jul 09 17:18:05 CST 2016]; root of context hierarchy
[INFO] [2016-07-09 17:18:05][org.springframework.beans.factory.xml.XmlBeanDefinitionReader]Loading XML bean definitions from class path resource [spring-mybatis.xml]
[INFO] [2016-07-09 17:18:05][org.springframework.beans.factory.config.PropertyPlaceholderConfigurer]Loading properties file from class path resource [jdbc.properties]
[INFO] [2016-07-09 17:18:05][org.springframework.beans.factory.annotation.AutowiredAnnotationBeanPostProcessor]JSR-330 'javax.inject.Inject' annotation found and supported for autowiring
[INFO] [2016-07-09 17:18:06][org.springframework.web.context.ContextLoader]Root WebApplicationContext: initialization completed in 1197 ms
[INFO] [2016-07-09 17:18:06][org.springframework.web.servlet.DispatcherServlet]FrameworkServlet 'SpringMVC': initialization started
[INFO] [2016-07-09 17:18:06][org.springframework.web.context.support.XmlWebApplicationContext]Refreshing WebApplicationContext for namespace 'SpringMVC-servlet': startup date [Sat Jul 09 17:18:06 CST 2016]; parent: Root WebApplicationContext
[INFO] [2016-07-09 17:18:06][org.springframework.beans.factory.xml.XmlBeanDefinitionReader]Loading XML bean definitions from class path resource [spring-mvc.xml]
[INFO] [2016-07-09 17:18:06][org.springframework.beans.factory.annotation.AutowiredAnnotationBeanPostProcessor]JSR-330 'javax.inject.Inject' annotation found and supported for autowiring
[INFO] [2016-07-09 17:18:06][org.springframework.web.servlet.mvc.method.annotation.RequestMappingHandlerMapping]Mapped "{[/jstest/test],methods=[],params=[],headers=[],consumes=[],produces=[],custom=[]}" onto public java.lang.String com.bao.controller.JsTestController.toIndex(javax.servlet.http.HttpServletRequest,org.springframework.ui.Model)
[INFO] [2016-07-09 17:18:06][org.springframework.web.servlet.mvc.method.annotation.RequestMappingHandlerMapping]Mapped "{[/user/showUser],methods=[],params=[],headers=[],consumes=[],produces=[],custom=[]}" onto public java.lang.String com.bao.controller.UserController.toIndex(javax.servlet.http.HttpServletRequest,org.springframework.ui.Model)
[INFO] [2016-07-09 17:18:07][org.springframework.web.servlet.handler.SimpleUrlHandlerMapping]Mapped URL path [/res/**] onto handler 'org.springframework.web.servlet.resource.ResourceHttpRequestHandler#0'
[INFO] [2016-07-09 17:18:07][org.springframework.web.servlet.view.freemarker.FreeMarkerConfigurer]ClassTemplateLoader for Spring macros added to FreeMarker configuration
[INFO] [2016-07-09 17:18:07][org.springframework.web.servlet.DispatcherServlet]FrameworkServlet 'SpringMVC': initialization completed in 1242 ms
[INFO] [2016-07-09 17:22:04][org.springframework.web.context.ContextLoader]Root WebApplicationContext: initialization started
[INFO] [2016-07-09 17:22:04][org.springframework.web.context.support.XmlWebApplicationContext]Refreshing Root WebApplicationContext: startup date [Sat Jul 09 17:22:04 CST 2016]; root of context hierarchy
[INFO] [2016-07-09 17:22:04][org.springframework.beans.factory.xml.XmlBeanDefinitionReader]Loading XML bean definitions from class path resource [spring-mybatis.xml]
[INFO] [2016-07-09 17:22:05][org.springframework.beans.factory.config.PropertyPlaceholderConfigurer]Loading properties file from class path resource [jdbc.properties]
[INFO] [2016-07-09 17:22:05][org.springframework.beans.factory.annotation.AutowiredAnnotationBeanPostProcessor]JSR-330 'javax.inject.Inject' annotation found and supported for autowiring
[INFO] [2016-07-09 17:22:05][org.springframework.web.context.ContextLoader]Root WebApplicationContext: initialization completed in 1318 ms
[INFO] [2016-07-09 17:22:05][org.springframework.web.servlet.DispatcherServlet]FrameworkServlet 'SpringMVC': initialization started
[INFO] [2016-07-09 17:22:05][org.springframework.web.context.support.XmlWebApplicationContext]Refreshing WebApplicationContext for namespace 'SpringMVC-servlet': startup date [Sat Jul 09 17:22:05 CST 2016]; parent: Root WebApplicationContext
[INFO] [2016-07-09 17:22:05][org.springframework.beans.factory.xml.XmlBeanDefinitionReader]Loading XML bean definitions from class path resource [spring-mvc.xml]
[INFO] [2016-07-09 17:22:05][org.springframework.beans.factory.annotation.AutowiredAnnotationBeanPostProcessor]JSR-330 'javax.inject.Inject' annotation found and supported for autowiring
[INFO] [2016-07-09 17:22:05][org.springframework.web.servlet.mvc.method.annotation.RequestMappingHandlerMapping]Mapped "{[/jstest/test],methods=[],params=[],headers=[],consumes=[],produces=[],custom=[]}" onto public java.lang.String com.bao.controller.JsTestController.toIndex(javax.servlet.http.HttpServletRequest,org.springframework.ui.Model)
[INFO] [2016-07-09 17:22:05][org.springframework.web.servlet.mvc.method.annotation.RequestMappingHandlerMapping]Mapped "{[/user/showUser],methods=[],params=[],headers=[],consumes=[],produces=[],custom=[]}" onto public java.lang.String com.bao.controller.UserController.toIndex(javax.servlet.http.HttpServletRequest,org.springframework.ui.Model)
[INFO] [2016-07-09 17:22:06][org.springframework.web.servlet.handler.SimpleUrlHandlerMapping]Mapped URL path [/res/**] onto handler 'org.springframework.web.servlet.resource.ResourceHttpRequestHandler#0'
[INFO] [2016-07-09 17:22:06][org.springframework.web.servlet.view.freemarker.FreeMarkerConfigurer]ClassTemplateLoader for Spring macros added to FreeMarker configuration
[INFO] [2016-07-09 17:22:06][org.springframework.web.servlet.DispatcherServlet]FrameworkServlet 'SpringMVC': initialization completed in 1308 ms
[INFO] [2016-08-02 20:41:45][org.springframework.web.context.ContextLoader]Root WebApplicationContext: initialization started
[INFO] [2016-08-02 20:41:45][org.springframework.web.context.support.XmlWebApplicationContext]Refreshing Root WebApplicationContext: startup date [Tue Aug 02 20:41:45 CST 2016]; root of context hierarchy
[INFO] [2016-08-02 20:41:45][org.springframework.beans.factory.xml.XmlBeanDefinitionReader]Loading XML bean definitions from class path resource [spring-mybatis.xml]
[INFO] [2016-08-02 20:41:46][org.springframework.beans.factory.config.PropertyPlaceholderConfigurer]Loading properties file from class path resource [jdbc.properties]
[INFO] [2016-08-02 20:41:46][org.springframework.beans.factory.annotation.AutowiredAnnotationBeanPostProcessor]JSR-330 'javax.inject.Inject' annotation found and supported for autowiring
[INFO] [2016-08-02 20:41:47][org.springframework.web.context.ContextLoader]Root WebApplicationContext: initialization completed in 1483 ms
[INFO] [2016-08-02 20:41:47][org.springframework.web.servlet.DispatcherServlet]FrameworkServlet 'SpringMVC': initialization started
[INFO] [2016-08-02 20:41:47][org.springframework.web.context.support.XmlWebApplicationContext]Refreshing WebApplicationContext for namespace 'SpringMVC-servlet': startup date [Tue Aug 02 20:41:47 CST 2016]; parent: Root WebApplicationContext
[INFO] [2016-08-02 20:41:47][org.springframework.beans.factory.xml.XmlBeanDefinitionReader]Loading XML bean definitions from class path resource [spring-mvc.xml]
[INFO] [2016-08-02 20:41:47][org.springframework.beans.factory.annotation.AutowiredAnnotationBeanPostProcessor]JSR-330 'javax.inject.Inject' annotation found and supported for autowiring
[INFO] [2016-08-02 20:41:47][org.springframework.web.servlet.mvc.method.annotation.RequestMappingHandlerMapping]Mapped "{[/jstest/test],methods=[],params=[],headers=[],consumes=[],produces=[],custom=[]}" onto public java.lang.String com.bao.controller.JsTestController.toIndex(javax.servlet.http.HttpServletRequest,org.springframework.ui.Model)
[INFO] [2016-08-02 20:41:47][org.springframework.web.servlet.mvc.method.annotation.RequestMappingHandlerMapping]Mapped "{[/user/showUser],methods=[],params=[],headers=[],consumes=[],produces=[],custom=[]}" onto public java.lang.String com.bao.controller.UserController.toIndex(javax.servlet.http.HttpServletRequest,org.springframework.ui.Model)
[INFO] [2016-08-02 20:41:48][org.springframework.web.servlet.handler.SimpleUrlHandlerMapping]Mapped URL path [/res/**] onto handler 'org.springframework.web.servlet.resource.ResourceHttpRequestHandler#0'
[INFO] [2016-08-02 20:41:48][org.springframework.web.servlet.view.freemarker.FreeMarkerConfigurer]ClassTemplateLoader for Spring macros added to FreeMarker configuration
[INFO] [2016-08-02 20:41:48][org.springframework.web.servlet.DispatcherServlet]FrameworkServlet 'SpringMVC': initialization completed in 1675 ms
[INFO] [2016-08-02 23:18:37][org.springframework.web.context.ContextLoader]Root WebApplicationContext: initialization started
[INFO] [2016-08-02 23:18:38][org.springframework.web.context.support.XmlWebApplicationContext]Refreshing Root WebApplicationContext: startup date [Tue Aug 02 23:18:38 CST 2016]; root of context hierarchy
[INFO] [2016-08-02 23:18:38][org.springframework.beans.factory.xml.XmlBeanDefinitionReader]Loading XML bean definitions from class path resource [spring-mybatis.xml]
[INFO] [2016-08-02 23:18:38][org.springframework.beans.factory.config.PropertyPlaceholderConfigurer]Loading properties file from class path resource [jdbc.properties]
[INFO] [2016-08-02 23:18:38][org.springframework.beans.factory.annotation.AutowiredAnnotationBeanPostProcessor]JSR-330 'javax.inject.Inject' annotation found and supported for autowiring
[INFO] [2016-08-02 23:18:39][org.springframework.web.context.ContextLoader]Root WebApplicationContext: initialization completed in 1346 ms
[INFO] [2016-08-02 23:18:39][org.springframework.web.servlet.DispatcherServlet]FrameworkServlet 'SpringMVC': initialization started
[INFO] [2016-08-02 23:18:39][org.springframework.web.context.support.XmlWebApplicationContext]Refreshing WebApplicationContext for namespace 'SpringMVC-servlet': startup date [Tue Aug 02 23:18:39 CST 2016]; parent: Root WebApplicationContext
[INFO] [2016-08-02 23:18:39][org.springframework.beans.factory.xml.XmlBeanDefinitionReader]Loading XML bean definitions from class path resource [spring-mvc.xml]
[INFO] [2016-08-02 23:18:39][org.springframework.beans.factory.annotation.AutowiredAnnotationBeanPostProcessor]JSR-330 'javax.inject.Inject' annotation found and supported for autowiring
[INFO] [2016-08-02 23:18:39][org.springframework.web.servlet.mvc.method.annotation.RequestMappingHandlerMapping]Mapped "{[/jstest/test],methods=[],params=[],headers=[],consumes=[],produces=[],custom=[]}" onto public java.lang.String com.bao.controller.JsTestController.toIndex(javax.servlet.http.HttpServletRequest,org.springframework.ui.Model)
[INFO] [2016-08-02 23:18:39][org.springframework.web.servlet.mvc.method.annotation.RequestMappingHandlerMapping]Mapped "{[/user/showUser],methods=[],params=[],headers=[],consumes=[],produces=[],custom=[]}" onto public java.lang.String com.bao.controller.UserController.toIndex(javax.servlet.http.HttpServletRequest,org.springframework.ui.Model)
[INFO] [2016-08-02 23:18:40][org.springframework.web.servlet.handler.SimpleUrlHandlerMapping]Mapped URL path [/res/**] onto handler 'org.springframework.web.servlet.resource.ResourceHttpRequestHandler#0'
[INFO] [2016-08-02 23:18:40][org.springframework.web.servlet.view.freemarker.FreeMarkerConfigurer]ClassTemplateLoader for Spring macros added to FreeMarker configuration
[INFO] [2016-08-02 23:18:40][org.springframework.web.servlet.DispatcherServlet]FrameworkServlet 'SpringMVC': initialization completed in 1148 ms
[INFO] [2016-08-14 14:30:11][org.springframework.web.context.ContextLoader]Root WebApplicationContext: initialization started
[INFO] [2016-08-14 14:30:11][org.springframework.web.context.support.XmlWebApplicationContext]Refreshing Root WebApplicationContext: startup date [Sun Aug 14 14:30:11 CST 2016]; root of context hierarchy
[INFO] [2016-08-14 14:30:11][org.springframework.beans.factory.xml.XmlBeanDefinitionReader]Loading XML bean definitions from class path resource [spring-mybatis.xml]
[INFO] [2016-08-14 14:30:12][org.springframework.beans.factory.config.PropertyPlaceholderConfigurer]Loading properties file from class path resource [jdbc.properties]
[INFO] [2016-08-14 14:30:12][org.springframework.beans.factory.annotation.AutowiredAnnotationBeanPostProcessor]JSR-330 'javax.inject.Inject' annotation found and supported for autowiring
[INFO] [2016-08-14 14:30:12][org.springframework.web.context.ContextLoader]Root WebApplicationContext: initialization completed in 1684 ms
[INFO] [2016-08-14 14:30:12][org.springframework.web.servlet.DispatcherServlet]FrameworkServlet 'SpringMVC': initialization started
[INFO] [2016-08-14 14:30:12][org.springframework.web.context.support.XmlWebApplicationContext]Refreshing WebApplicationContext for namespace 'SpringMVC-servlet': startup date [Sun Aug 14 14:30:12 CST 2016]; parent: Root WebApplicationContext
[INFO] [2016-08-14 14:30:12][org.springframework.beans.factory.xml.XmlBeanDefinitionReader]Loading XML bean definitions from class path resource [spring-mvc.xml]
[INFO] [2016-08-14 14:30:13][org.springframework.beans.factory.annotation.AutowiredAnnotationBeanPostProcessor]JSR-330 'javax.inject.Inject' annotation found and supported for autowiring
[INFO] [2016-08-14 14:30:13][org.springframework.web.servlet.mvc.method.annotation.RequestMappingHandlerMapping]Mapped "{[/jstest/test],methods=[],params=[],headers=[],consumes=[],produces=[],custom=[]}" onto public java.lang.String com.bao.controller.JsTestController.toIndex(javax.servlet.http.HttpServletRequest,org.springframework.ui.Model)
[INFO] [2016-08-14 14:30:13][org.springframework.web.servlet.mvc.method.annotation.RequestMappingHandlerMapping]Mapped "{[/user/showUser],methods=[],params=[],headers=[],consumes=[],produces=[],custom=[]}" onto public java.lang.String com.bao.controller.UserController.toIndex(javax.servlet.http.HttpServletRequest,org.springframework.ui.Model)
[INFO] [2016-08-14 14:30:14][org.springframework.web.servlet.handler.SimpleUrlHandlerMapping]Mapped URL path [/res/**] onto handler 'org.springframework.web.servlet.resource.ResourceHttpRequestHandler#0'
[INFO] [2016-08-14 14:30:14][org.springframework.web.servlet.view.freemarker.FreeMarkerConfigurer]ClassTemplateLoader for Spring macros added to FreeMarker configuration
[INFO] [2016-08-14 14:30:14][org.springframework.web.servlet.DispatcherServlet]FrameworkServlet 'SpringMVC': initialization completed in 1933 ms
[WARN] [2016-08-14 14:30:39][org.springframework.web.servlet.PageNotFound]No mapping found for HTTP request with URI [/jsdemo/js/test] in DispatcherServlet with name 'SpringMVC'
[INFO] [2016-08-14 21:25:14][org.springframework.web.context.ContextLoader]Root WebApplicationContext: initialization started
[INFO] [2016-08-14 21:25:14][org.springframework.web.context.support.XmlWebApplicationContext]Refreshing Root WebApplicationContext: startup date [Sun Aug 14 21:25:14 CST 2016]; root of context hierarchy
[INFO] [2016-08-14 21:25:14][org.springframework.beans.factory.xml.XmlBeanDefinitionReader]Loading XML bean definitions from class path resource [spring-mybatis.xml]
[INFO] [2016-08-14 21:25:15][org.springframework.beans.factory.config.PropertyPlaceholderConfigurer]Loading properties file from class path resource [jdbc.properties]
[INFO] [2016-08-14 21:25:15][org.springframework.beans.factory.annotation.AutowiredAnnotationBeanPostProcessor]JSR-330 'javax.inject.Inject' annotation found and supported for autowiring
[INFO] [2016-08-14 21:25:15][org.springframework.web.context.ContextLoader]Root WebApplicationContext: initialization completed in 1086 ms
[INFO] [2016-08-14 21:25:15][org.springframework.web.servlet.DispatcherServlet]FrameworkServlet 'SpringMVC': initialization started
[INFO] [2016-08-14 21:25:15][org.springframework.web.context.support.XmlWebApplicationContext]Refreshing WebApplicationContext for namespace 'SpringMVC-servlet': startup date [Sun Aug 14 21:25:15 CST 2016]; parent: Root WebApplicationContext
[INFO] [2016-08-14 21:25:15][org.springframework.beans.factory.xml.XmlBeanDefinitionReader]Loading XML bean definitions from class path resource [spring-mvc.xml]
[INFO] [2016-08-14 21:25:15][org.springframework.beans.factory.annotation.AutowiredAnnotationBeanPostProcessor]JSR-330 'javax.inject.Inject' annotation found and supported for autowiring
[INFO] [2016-08-14 21:25:16][org.springframework.web.servlet.mvc.method.annotation.RequestMappingHandlerMapping]Mapped "{[/jstest/test],methods=[],params=[],headers=[],consumes=[],produces=[],custom=[]}" onto public java.lang.String com.bao.controller.JsTestController.toIndex(javax.servlet.http.HttpServletRequest,org.springframework.ui.Model)
[INFO] [2016-08-14 21:25:16][org.springframework.web.servlet.mvc.method.annotation.RequestMappingHandlerMapping]Mapped "{[/user/showUser],methods=[],params=[],headers=[],consumes=[],produces=[],custom=[]}" onto public java.lang.String com.bao.controller.UserController.toIndex(javax.servlet.http.HttpServletRequest,org.springframework.ui.Model)
[INFO] [2016-08-14 21:25:16][org.springframework.web.servlet.handler.SimpleUrlHandlerMapping]Mapped URL path [/res/**] onto handler 'org.springframework.web.servlet.resource.ResourceHttpRequestHandler#0'
[INFO] [2016-08-14 21:25:16][org.springframework.web.servlet.view.freemarker.FreeMarkerConfigurer]ClassTemplateLoader for Spring macros added to FreeMarker configuration
[INFO] [2016-08-14 21:25:16][org.springframework.web.servlet.DispatcherServlet]FrameworkServlet 'SpringMVC': initialization completed in 1458 ms
